<?xml version="1.0" encoding="UTF-8"?>
<testng-results ignored="0" total="1" passed="1" failed="0" skipped="0">
  <reporter-output>
  </reporter-output>
  <suite started-at="2024-06-13T13:01:52 IST" name="Suite" finished-at="2024-06-13T13:02:26 IST" duration-ms="34043">
    <groups>
    </groups>
    <test started-at="2024-06-13T13:01:52 IST" name="JKL Assets Managemant" finished-at="2024-06-13T13:02:26 IST" duration-ms="34043">
      <class name="com.jkl.testCases.TC_Inner_AssetCategory">
        <test-method is-config="true" signature="Setup(java.lang.String)[pri:0, instance:com.jkl.testCases.TC_Inner_AssetCategory@aa5455e]" started-at="2024-06-13T13:01:52 IST" name="Setup" finished-at="2024-06-13T13:01:55 IST" duration-ms="2777" status="PASS">
          <params>
            <param index="0">
              <value>
                <![CDATA[chrome]]>
              </value>
            </param>
          </params>
          <reporter-output>
          </reporter-output>
        </test-method> <!-- Setup -->
        <test-method is-config="true" signature="Login(java.lang.String)[pri:0, instance:com.jkl.testCases.TC_Inner_AssetCategory@aa5455e]" started-at="2024-06-13T13:01:55 IST" name="Login" finished-at="2024-06-13T13:01:55 IST" duration-ms="296" status="PASS">
          <params>
            <param index="0">
              <value>
                <![CDATA[user]]>
              </value>
            </param>
          </params>
          <reporter-output>
          </reporter-output>
        </test-method> <!-- Login -->
        <test-method signature="test_EditAssetCategory()[pri:2, instance:com.jkl.testCases.TC_Inner_AssetCategory@aa5455e]" started-at="2024-06-13T13:01:55 IST" name="test_EditAssetCategory" finished-at="2024-06-13T13:02:19 IST" duration-ms="24249" status="PASS">
          <reporter-output>
          </reporter-output>
        </test-method> <!-- test_EditAssetCategory -->
        <test-method is-config="true" signature="Logout(java.lang.String)[pri:0, instance:com.jkl.testCases.TC_Inner_AssetCategory@aa5455e]" started-at="2024-06-13T13:02:19 IST" name="Logout" finished-at="2024-06-13T13:02:26 IST" duration-ms="6284" status="FAIL">
          <params>
            <param index="0">
              <value>
                <![CDATA[user]]>
              </value>
            </param>
          </params>
          <exception class="java.lang.AssertionError">
            <message>
              <![CDATA[The following asserts failed:
After logout it lookin for [Login with Google] text expected [true] but found [false]]]>
            </message>
            <full-stacktrace>
              <![CDATA[java.lang.AssertionError: The following asserts failed:
After logout it lookin for [Login with Google] text expected [true] but found [false]
at org.testng.asserts.SoftAssert.assertAll(SoftAssert.java:47)
at org.testng.asserts.SoftAssert.assertAll(SoftAssert.java:31)
at com.jkl.pageObject.PO_HomePage.UserLogout(PO_HomePage.java:168)
at com.jkl.testCases.BaseClass.Logout(BaseClass.java:117)
at java.base/jdk.internal.reflect.DirectMethodHandleAccessor.invoke(DirectMethodHandleAccessor.java:104)
at java.base/java.lang.reflect.Method.invoke(Method.java:577)
at org.testng.internal.MethodInvocationHelper.invokeMethod(MethodInvocationHelper.java:133)
at org.testng.internal.MethodInvocationHelper.invokeMethodConsideringTimeout(MethodInvocationHelper.java:62)
at org.testng.internal.ConfigInvoker.invokeConfigurationMethod(ConfigInvoker.java:385)
at org.testng.internal.ConfigInvoker.invokeConfigurations(ConfigInvoker.java:321)
at org.testng.TestRunner.invokeTestConfigurations(TestRunner.java:637)
at org.testng.TestRunner.afterRun(TestRunner.java:877)
at org.testng.TestRunner.run(TestRunner.java:599)
at org.testng.SuiteRunner.runTest(SuiteRunner.java:377)
at org.testng.SuiteRunner.runSequentially(SuiteRunner.java:371)
at org.testng.SuiteRunner.privateRun(SuiteRunner.java:332)
at org.testng.SuiteRunner.run(SuiteRunner.java:276)
at org.testng.SuiteRunnerWorker.runSuite(SuiteRunnerWorker.java:53)
at org.testng.SuiteRunnerWorker.run(SuiteRunnerWorker.java:96)
at org.testng.TestNG.runSuitesSequentially(TestNG.java:1212)
at org.testng.TestNG.runSuitesLocally(TestNG.java:1134)
at org.testng.TestNG.runSuites(TestNG.java:1063)
at org.testng.TestNG.run(TestNG.java:1031)
at org.testng.remote.AbstractRemoteTestNG.run(AbstractRemoteTestNG.java:115)
at org.testng.remote.RemoteTestNG.initAndRun(RemoteTestNG.java:251)
at org.testng.remote.RemoteTestNG.main(RemoteTestNG.java:77)
]]>
            </full-stacktrace>
          </exception> <!-- java.lang.AssertionError -->
          <reporter-output>
          </reporter-output>
        </test-method> <!-- Logout -->
        <test-method is-config="true" signature="Teardown()[pri:0, instance:com.jkl.testCases.TC_Inner_AssetCategory@aa5455e]" started-at="2024-06-13T13:02:26 IST" name="Teardown" finished-at="1970-01-01T05:30:00 IST" depends-on-methods="com.jkl.testCases.BaseClass.Logout" duration-ms="-1718263946190" status="SKIP">
          <reporter-output>
          </reporter-output>
        </test-method> <!-- Teardown -->
      </class> <!-- com.jkl.testCases.TC_Inner_AssetCategory -->
    </test> <!-- JKL Assets Managemant -->
  </suite> <!-- Suite -->
</testng-results>
